<?xml version="1.0" encoding="UTF-8"?>
<!-- Generated by org.testng.reporters.JUnitReportReporter -->
<testsuite hostname="DESKTOP-LKO54JA" failures="0" tests="1" name="com.assignment.tests.APISampleTest" time="4.475" errors="0" timestamp="2023-08-08T10:53:11 IST" skipped="0">
  <testcase classname="com.assignment.tests.APISampleTest" name="statusCodeVerification" time="4.475"/>
  <system-out/>
</testsuite> <!-- com.assignment.tests.APISampleTest -->
