<?xml version="1.0" encoding="UTF-8"?>
<!-- Generated by org.testng.reporters.JUnitReportReporter -->
<testsuite hostname="DESKTOP-LKO54JA" failures="0" tests="1" name="com.assignment.tests.Sampletest" time="15.583" errors="0" timestamp="2023-07-31T12:47:58 IST" skipped="0">
  <testcase classname="com.assignment.tests.Sampletest" name="testWeatherForecastinFarenheit" time="15.583"/>
  <system-out/>
</testsuite> <!-- com.assignment.tests.Sampletest -->
