<?xml version="1.0" encoding="UTF-8"?>
<!-- Generated by org.testng.reporters.JUnitReportReporter -->
<testsuite hostname="DESKTOP-LKO54JA" failures="0" tests="1" name="com.assignment.tests.APITest" time="7.579" errors="0" timestamp="2023-08-08T10:46:31 IST" skipped="0">
  <testcase classname="com.assignment.tests.APITest" name="testWeatherDataForCity" time="7.579"/>
  <system-out/>
</testsuite> <!-- com.assignment.tests.APITest -->
